0 info it worked if it ends with ok
1 verbose cli [ '/usr/local/bin/node', '/usr/local/bin/npm', 'run', 'build' ]
2 info using npm@3.3.6
3 info using node@v5.0.0
4 verbose run-script [ 'prebuild', 'build', 'postbuild' ]
5 info lifecycle boilerplate-iridium@1.0.0~prebuild: boilerplate-iridium@1.0.0
6 silly lifecycle boilerplate-iridium@1.0.0~prebuild: no script for prebuild, continuing
7 info lifecycle boilerplate-iridium@1.0.0~build: boilerplate-iridium@1.0.0
8 verbose lifecycle boilerplate-iridium@1.0.0~build: unsafe-perm in lifecycle true
9 verbose lifecycle boilerplate-iridium@1.0.0~build: PATH: /usr/local/lib/node_modules/npm/bin/node-gyp-bin:/Users/gerem/Documents/Tests/iridium/node_modules/.bin:/Users/gerem/.rvm/gems/ruby-2.3.0/bin:/Users/gerem/.rvm/gems/ruby-2.3.0@global/bin:/Users/gerem/.rvm/rubies/ruby-2.3.0/bin:/usr/local/bin:/usr/bin:/bin:/usr/sbin:/sbin:/Users/gerem/.rvm/bin
10 verbose lifecycle boilerplate-iridium@1.0.0~build: CWD: /Users/gerem/Documents/Tests/iridium
11 silly lifecycle boilerplate-iridium@1.0.0~build: Args: [ '-c',
11 silly lifecycle   'electron-packager ./build-app \'name_app\' --version=1.0.1 --platform=darwin --arch=x64' ]
12 silly lifecycle boilerplate-iridium@1.0.0~build: Returned: code: 1  signal: null
13 info lifecycle boilerplate-iridium@1.0.0~build: Failed to exec build script
14 verbose stack Error: boilerplate-iridium@1.0.0 build: `electron-packager ./build-app 'name_app' --version=1.0.1 --platform=darwin --arch=x64`
14 verbose stack Exit status 1
14 verbose stack     at EventEmitter.<anonymous> (/usr/local/lib/node_modules/npm/lib/utils/lifecycle.js:233:16)
14 verbose stack     at emitTwo (events.js:87:13)
14 verbose stack     at EventEmitter.emit (events.js:172:7)
14 verbose stack     at ChildProcess.<anonymous> (/usr/local/lib/node_modules/npm/lib/utils/spawn.js:24:14)
14 verbose stack     at emitTwo (events.js:87:13)
14 verbose stack     at ChildProcess.emit (events.js:172:7)
14 verbose stack     at maybeClose (internal/child_process.js:818:16)
14 verbose stack     at Process.ChildProcess._handle.onexit (internal/child_process.js:211:5)
15 verbose pkgid boilerplate-iridium@1.0.0
16 verbose cwd /Users/gerem/Documents/Tests/iridium/app
17 error Darwin 15.6.0
18 error argv "/usr/local/bin/node" "/usr/local/bin/npm" "run" "build"
19 error node v5.0.0
20 error npm  v3.3.6
21 error code ELIFECYCLE
22 error boilerplate-iridium@1.0.0 build: `electron-packager ./build-app 'name_app' --version=1.0.1 --platform=darwin --arch=x64`
22 error Exit status 1
23 error Failed at the boilerplate-iridium@1.0.0 build script 'electron-packager ./build-app 'name_app' --version=1.0.1 --platform=darwin --arch=x64'.
23 error This is most likely a problem with the boilerplate-iridium package,
23 error not with npm itself.
23 error Tell the author that this fails on your system:
23 error     electron-packager ./build-app 'name_app' --version=1.0.1 --platform=darwin --arch=x64
23 error You can get their info via:
23 error     npm owner ls boilerplate-iridium
23 error There is likely additional logging output above.
24 verbose exit [ 1, true ]
